Change Dir: 'C:/Users/Maria/infotecs/build'

Run Build Command(s): "C:/Program Files/Microsoft Visual Studio/2022/Community/MSBuild/Current/Bin/amd64/MSBuild.exe" ALL_BUILD.vcxproj /p:Configuration=Release /p:Platform=x64 /p:VisualStudioVersion=17.0 /v:n
Версия MSBuild 17.14.8+a7a4d5af0 для .NET Framework
Сборка начата 11.08.2025 19:59:52.

Проект "C:\Users\Maria\infotecs\build\ALL_BUILD.vcxproj" в узле 1 (целевые объекты по умолчанию).
Проект "C:\Users\Maria\infotecs\build\ALL_BUILD.vcxproj" (1) выполняет сборку "C:\Users\Maria\infotecs\build\ZERO_CHECK.vcxproj" (2) в узле 1 (целевые объекты по умолчанию).
PrepareForBuild:
  Создание каталога "x64\Release\ZERO_CHECK\".
  Структурированный вывод включен. Форматирование диагностики компилятора будет отражать иерархию ошибок. Подробнее см. https://aka.ms/cpp/structured-output.
  Создание каталога "x64\Release\ZERO_CHECK\ZERO_CHECK.tlog\".
InitializeBuildStatus:
  Создание "x64\Release\ZERO_CHECK\ZERO_CHECK.tlog\unsuccessfulbuild", так как было задано "AlwaysCreate".
  Обращение к "x64\Release\ZERO_CHECK\ZERO_CHECK.tlog\unsuccessfulbuild".
CustomBuild:
  1>Checking Build System
FinalizeBuildStatus:
  Файл "x64\Release\ZERO_CHECK\ZERO_CHECK.tlog\unsuccessfulbuild" удаляется.
  Обращение к "x64\Release\ZERO_CHECK\ZERO_CHECK.tlog\ZERO_CHECK.lastbuildstate".
Сборка проекта "C:\Users\Maria\infotecs\build\ZERO_CHECK.vcxproj" завершена (целевые объекты по умолчанию).
Проект "C:\Users\Maria\infotecs\build\ALL_BUILD.vcxproj" (1) выполняет сборку "C:\Users\Maria\infotecs\build\sqlite3.vcxproj" (3) в узле 1 (целевые объекты по умолчанию).
PrepareForBuild:
  Создание каталога "sqlite3.dir\Release\".
  Структурированный вывод включен. Форматирование диагностики компилятора будет отражать иерархию ошибок. Подробнее см. https://aka.ms/cpp/structured-output.
  Создание каталога "C:\Users\Maria\infotecs\build\bin\Release\".
  Создание каталога "sqlite3.dir\Release\sqlite3.tlog\".
InitializeBuildStatus:
  Создание "sqlite3.dir\Release\sqlite3.tlog\unsuccessfulbuild", так как было задано "AlwaysCreate".
  Обращение к "sqlite3.dir\Release\sqlite3.tlog\unsuccessfulbuild".
CustomBuild:
  Building Custom Rule C:/Users/Maria/infotecs/CMakeLists.txt
VcpkgTripletSelection:
  Using triplet "x64-windows" from "C:\Program Files\vcpkg\installed\x64-windows\"
  Using normalized configuration "Release"
ClCompile:
  C:\Program Files\Microsoft Visual Studio\2022\Community\VC\Tools\MSVC\14.44.35207\bin\HostX64\x64\CL.exe /c /I"C:\Program Files\vcpkg\installed\x64-windows\include" /nologo /W3 /WX- /diagnostics:column /O2 /Ob2 /D _WINDLL /D _MBCS /D WIN32 /D _WINDOWS /D NDEBUG /D "SQLITE_API=__declspec(dllexport)" /D "CMAKE_INTDIR=\"Release\"" /D sqlite3_EXPORTS /MD /GS /fp:precise /Zc:wchar_t /Zc:forScope /Zc:inline /Fo"sqlite3.dir\Release\\" /Fd"sqlite3.dir\Release\vc143.pdb" /external:W3 /Gd /TC /errorReport:queue "C:\Users\Maria\infotecs\sqlite-amalgamation-3260000\sqlite3.c"
  sqlite3.c
MakeDirsForLink:
  Создание каталога "C:\Users\Maria\infotecs\build\Release\".
Link:
  C:\Program Files\Microsoft Visual Studio\2022\Community\VC\Tools\MSVC\14.44.35207\bin\HostX64\x64\link.exe /ERRORREPORT:QUEUE /OUT:"C:\Users\Maria\infotecs\build\bin\Release\sqlite3.dll" /INCREMENTAL:NO /NOLOGO /LIBPATH:"C:\Program Files\vcpkg\installed\x64-windows\lib" /LIBPATH:"C:\Program Files\vcpkg\installed\x64-windows\lib\manual-link" kernel32.lib user32.lib gdi32.lib winspool.lib shell32.lib ole32.lib oleaut32.lib uuid.lib comdlg32.lib advapi32.lib "C:\Program Files\vcpkg\installed\x64-windows\lib\*.lib" /MANIFEST /MANIFESTUAC:"level='asInvoker' uiAccess='false'" /manifest:embed /PDB:"C:/Users/Maria/infotecs/build/bin/Release/sqlite3.pdb" /SUBSYSTEM:CONSOLE /TLBID:1 /DYNAMICBASE /NXCOMPAT /IMPLIB:"C:/Users/Maria/infotecs/build/Release/sqlite3.lib" /MACHINE:X64  /machine:x64 /DLL sqlite3.dir\Release\sqlite3.obj
     Создается библиотека C:/Users/Maria/infotecs/build/Release/sqlite3.lib и объект C:/Users/Maria/infotecs/build/Release/sqlite3.exp
  sqlite3.vcxproj -> C:\Users\Maria\infotecs\build\bin\Release\sqlite3.dll
AppLocalFromInstalled:
  pwsh.exe -ExecutionPolicy Bypass -noprofile -File "C:\Program Files\vcpkg\scripts\buildsystems\msbuild\applocal.ps1" "C:\Users\Maria\infotecs\build\bin\Release\sqlite3.dll" "C:\Program Files\vcpkg\installed\x64-windows\bin" "sqlite3.dir\Release\sqlite3.tlog\sqlite3.write.1u.tlog" "sqlite3.dir\Release\vcpkg.applocal.log"
FinalizeBuildStatus:
  Файл "sqlite3.dir\Release\sqlite3.tlog\unsuccessfulbuild" удаляется.
  Обращение к "sqlite3.dir\Release\sqlite3.tlog\sqlite3.lastbuildstate".
Сборка проекта "C:\Users\Maria\infotecs\build\sqlite3.vcxproj" завершена (целевые объекты по умолчанию).
PrepareForBuild:
  Создание каталога "x64\Release\ALL_BUILD\".
  Структурированный вывод включен. Форматирование диагностики компилятора будет отражать иерархию ошибок. Подробнее см. https://aka.ms/cpp/structured-output.
  Создание каталога "x64\Release\ALL_BUILD\ALL_BUILD.tlog\".
InitializeBuildStatus:
  Создание "x64\Release\ALL_BUILD\ALL_BUILD.tlog\unsuccessfulbuild", так как было задано "AlwaysCreate".
  Обращение к "x64\Release\ALL_BUILD\ALL_BUILD.tlog\unsuccessfulbuild".
CustomBuild:
  Building Custom Rule C:/Users/Maria/infotecs/CMakeLists.txt
FinalizeBuildStatus:
  Файл "x64\Release\ALL_BUILD\ALL_BUILD.tlog\unsuccessfulbuild" удаляется.
  Обращение к "x64\Release\ALL_BUILD\ALL_BUILD.tlog\ALL_BUILD.lastbuildstate".
Сборка проекта "C:\Users\Maria\infotecs\build\ALL_BUILD.vcxproj" завершена (целевые объекты по умолчанию).

Сборка успешно завершена.
    Предупреждений: 0
    Ошибок: 0

Прошло времени 00:00:25.89

